2025-10-12T14:00:45.6296804Z Current runner version: '2.328.0'
2025-10-12T14:00:45.6313722Z Runner name: 'BROOR'
2025-10-12T14:00:45.6315369Z Runner group name: 'Default'
2025-10-12T14:00:45.6316909Z Machine name: 'BROOR'
2025-10-12T14:00:45.6327071Z ##[group]GITHUB_TOKEN Permissions
2025-10-12T14:00:45.6333238Z Contents: read
2025-10-12T14:00:45.6334520Z Metadata: read
2025-10-12T14:00:45.6335573Z ##[endgroup]
2025-10-12T14:00:45.6341279Z Secret source: Actions
2025-10-12T14:00:45.6342621Z Prepare workflow directory
2025-10-12T14:00:45.7121482Z Prepare all required actions
2025-10-12T14:00:45.7196221Z Getting action download info
2025-10-12T14:00:46.4056141Z Download action repository 'actions/checkout@v4' (SHA:08eba0b27e820071cde6df949e0beb9ba4906955)
2025-10-12T14:00:48.2554239Z Download action repository 'azure/login@v2' (SHA:a457da9ea143d694b1b9c7c869ebb04ebe844ef5)
2025-10-12T14:00:49.2775285Z Complete job name: login-and-check
2025-10-12T14:00:49.4322199Z ##[group]Run actions/checkout@v4
2025-10-12T14:00:49.4323918Z with:
2025-10-12T14:00:49.4324352Z   repository: mag-IaC/IaC
2025-10-12T14:00:49.4325191Z   token: ***
2025-10-12T14:00:49.4325577Z   ssh-strict: true
2025-10-12T14:00:49.4325954Z   ssh-user: git
2025-10-12T14:00:49.4326353Z   persist-credentials: true
2025-10-12T14:00:49.4326800Z   clean: true
2025-10-12T14:00:49.4327214Z   sparse-checkout-cone-mode: true
2025-10-12T14:00:49.4327699Z   fetch-depth: 1
2025-10-12T14:00:49.4328095Z   fetch-tags: false
2025-10-12T14:00:49.4328667Z   show-progress: true
2025-10-12T14:00:49.4329094Z   lfs: false
2025-10-12T14:00:49.4329453Z   submodules: false
2025-10-12T14:00:49.4329872Z   set-safe-directory: true
2025-10-12T14:00:49.4331037Z ##[endgroup]
2025-10-12T14:00:50.1452490Z Syncing repository: mag-IaC/IaC
2025-10-12T14:00:50.1455151Z ##[group]Getting Git version info
2025-10-12T14:00:50.1456310Z Working directory is 'C:\Users\magnu\OneDrive - NTNU\NTNU(alive)\5th.semester\DCST3005\DCST3005\actions-runner\_work\IaC\IaC'
2025-10-12T14:00:50.1792625Z [command]"C:\Program Files\Git\cmd\git.exe" version
2025-10-12T14:00:50.2335200Z git version 2.47.0.windows.2
2025-10-12T14:00:50.2433973Z ##[endgroup]
2025-10-12T14:00:50.2460278Z Copying 'C:\Users\magnu\.gitconfig' to 'C:\Users\magnu\OneDrive - NTNU\NTNU(alive)\5th.semester\DCST3005\DCST3005\actions-runner\_work\_temp\af69ed2e-0aa7-4766-82ed-2c270c59a2b0\.gitconfig'
2025-10-12T14:00:50.2504610Z Temporarily overriding HOME='C:\Users\magnu\OneDrive - NTNU\NTNU(alive)\5th.semester\DCST3005\DCST3005\actions-runner\_work\_temp\af69ed2e-0aa7-4766-82ed-2c270c59a2b0' before making global git config changes
2025-10-12T14:00:50.2508691Z Adding repository directory to the temporary git global config as a safe directory
2025-10-12T14:00:50.2534151Z [command]"C:\Program Files\Git\cmd\git.exe" config --global --add safe.directory "C:\Users\magnu\OneDrive - NTNU\NTNU(alive)\5th.semester\DCST3005\DCST3005\actions-runner\_work\IaC\IaC"
2025-10-12T14:00:50.3213422Z [command]"C:\Program Files\Git\cmd\git.exe" config --local --get remote.origin.url
2025-10-12T14:00:50.3717306Z https://github.com/mag-IaC/IaC
2025-10-12T14:00:50.3802567Z ##[group]Removing previously created refs, to avoid conflicts
2025-10-12T14:00:50.3819908Z [command]"C:\Program Files\Git\cmd\git.exe" rev-parse --symbolic-full-name --verify --quiet HEAD
2025-10-12T14:00:50.4320693Z refs/heads/main
2025-10-12T14:00:50.4401444Z [command]"C:\Program Files\Git\cmd\git.exe" checkout --detach
2025-10-12T14:00:51.5561096Z HEAD is now at 94f4b10 Merge branch 'main' of https://github.com/mag-IaC/IaC
2025-10-12T14:00:51.7124932Z ##[endgroup]
2025-10-12T14:00:51.7143818Z [command]"C:\Program Files\Git\cmd\git.exe" submodule status
2025-10-12T14:00:52.7661870Z ##[error]fatal: no submodule mapping found in .gitmodules for path 'actions-runner/_work/IaC/IaC'
2025-10-12T14:00:52.7772651Z Bad Submodules found, removing existing files
2025-10-12T14:00:52.7773509Z ##[group]Cleaning the repository
2025-10-12T14:00:52.7790589Z [command