[2025-10-05 07:40:52Z INFO HostContext] No proxy settings were found based on environmental variables (http_proxy/https_proxy/HTTP_PROXY/HTTPS_PROXY)
[2025-10-05 07:40:52Z INFO HostContext] Well known directory 'Bin': 'C:\Users\magnu\OneDrive - NTNU\NTNU(alive)\5th.semester\DCST3005\DCST3005\actions-runner\bin'
[2025-10-05 07:40:52Z INFO HostContext] Well known directory 'Root': 'C:\Users\magnu\OneDrive - NTNU\NTNU(alive)\5th.semester\DCST3005\DCST3005\actions-runner'
[2025-10-05 07:40:52Z INFO HostContext] Well known config file 'Credentials': 'C:\Users\magnu\OneDrive - NTNU\NTNU(alive)\5th.semester\DCST3005\DCST3005\actions-runner\.credentials'
[2025-10-05 07:40:52Z INFO HostContext] Well known directory 'Bin': 'C:\Users\magnu\OneDrive - NTNU\NTNU(alive)\5th.semester\DCST3005\DCST3005\actions-runner\bin'
[2025-10-05 07:40:52Z INFO HostContext] Well known directory 'Root': 'C:\Users\magnu\OneDrive - NTNU\NTNU(alive)\5th.semester\DCST3005\DCST3005\actions-runner'
[2025-10-05 07:40:52Z INFO HostContext] Well known config file 'Runner': 'C:\Users\magnu\OneDrive - NTNU\NTNU(alive)\5th.semester\DCST3005\DCST3005\actions-runner\.runner'
[2025-10-05 07:40:52Z INFO Listener] Runner is built for Windows (X64) - win-x64.
[2025-10-05 07:40:52Z INFO Listener] RuntimeInformation: Microsoft Windows 10.0.26100.
[2025-10-05 07:40:52Z INFO Listener] Version: 2.328.0
[2025-10-05 07:40:52Z INFO Listener] Commit: 6f9a9110adce65f44ca6f7c0ae142b9cc6af937b
[2025-10-05 07:40:52Z INFO Listener] Culture: en-US
[2025-10-05 07:40:52Z INFO Listener] UI Culture: en-US
[2025-10-05 07:40:52Z INFO HostContext] Well known directory 'Bin': 'C:\Users\magnu\OneDrive - NTNU\NTNU(alive)\5th.semester\DCST3005\DCST3005\actions-runner\bin'
[2025-10-05 07:40:52Z INFO HostContext] Well known directory 'Root': 'C:\Users\magnu\OneDrive - NTNU\NTNU(alive)\5th.semester\DCST3005\DCST3005\actions-runner'
[2025-10-05 07:40:52Z INFO Listener] Validating directory permissions for: 'C:\Users\magnu\OneDrive - NTNU\NTNU(alive)\5th.semester\DCST3005\DCST3005\actions-runner'
[2025-10-05 07:40:52Z INFO CommandLineParser] Parse
[2025-10-05 07:40:52Z INFO CommandLineParser] Parsing 1 args
[2025-10-05 07:40:52Z INFO CommandLineParser] parsing argument
[2025-10-05 07:40:52Z INFO CommandLineParser] HasArgs: False
[2025-10-05 07:40:52Z INFO CommandLineParser] Adding Command: remove
[2025-10-05 07:40:52Z INFO Listener] Arguments parsed
[2025-10-05 07:40:52Z INFO Runner] ExecuteCommand
[2025-10-05 07:40:52Z INFO ConfigurationStore] currentAssemblyLocation: C:\Users\magnu\OneDrive - NTNU\NTNU(alive)\5th.semester\DCST3005\DCST3005\actions-runner\bin\Runner.Listener.dll
[2025-10-05 07:40:52Z INFO HostContext] Well known directory 'Bin': 'C:\Users\magnu\OneDrive - NTNU\NTNU(alive)\5th.semester\DCST3005\DCST3005\actions-runner\bin'
[2025-10-05 07:40:52Z INFO ConfigurationStore] binPath: C:\Users\magnu\OneDrive - NTNU\NTNU(alive)\5th.semester\DCST3005\DCST3005\actions-runner\bin
[2025-10-05 07:40:52Z INFO HostContext] Well known directory 'Bin': 'C:\Users\magnu\OneDrive - NTNU\NTNU(alive)\5th.semester\DCST3005\DCST3005\actions-runner\bin'
[2025-10-05 07:40:52Z INFO HostContext] Well known directory 'Root': 'C:\Users\magnu\OneDrive - NTNU\NTNU(alive)\5th.semester\DCST3005\DCST3005\actions-runner'
[2025-10-05 07:40:52Z INFO ConfigurationStore] RootFolder: C:\Users\magnu\OneDrive - NTNU\NTNU(alive)\5th.semester\DCST3005\DCST3005\actions-runner
[2025-10-05 07:40:52Z INFO HostContext] Well known directory 'Bin': 'C:\Users\magnu\OneDrive - NTNU\NTNU(alive)\5th.semester\DCST3005\DCST3005\actions-runner\bin'
[2025-10-05 07:40:52Z INFO HostContext] Well known directory 'Root': 'C:\Users\magnu\OneDrive - NTNU\NTNU(alive)\5th.semester\DCST3005\DCST3005\actions-runner'
[2025-10-05 07:40:52Z INFO HostContext] Well known config file 'Runner': 'C:\Users\magnu\OneDrive - NTNU\NTNU(alive)\5th.semester\DCST3005\DCST3005\actions-runner\.runner'
[2025-10-05 07:40:52Z INFO ConfigurationStore] ConfigFilePath: C:\Users\magnu\OneDrive - NTNU\NTNU(alive)\5th.semester\DCST3005\DCST3005\actions-runner\.runner
[2025-10-05 07:40:52Z INFO HostContext] Well known directory 'Bin': 'C:\Users\magnu\OneDrive - NTNU\NTNU(alive)\5th.semester\DCST3005\DCST3005\actions-runner\bin'
[2025-10-05 07:40:52Z INFO HostContext] Well known directory 'Root': 'C:\Users\magnu\OneDrive - NTNU\NTNU(alive)\5th.semester\DCST3005\DCST3005\actions-runner'
[2025-10-05 07:40:52Z INFO HostContext] Well known config file 'MigratedRunner': 'C:\Users\magnu\OneDrive - NTNU\NTNU(alive)\5th.semester\DCST3005\DCST3005\actions-runner\.runner_migrated'
[2025-10-05 07:40:52Z INFO ConfigurationStore] MigratedConfigFilePath: C:\Users\magnu\OneDrive - NTNU\NTNU(alive)\5th.semester\DCST3005\DCST3005\actions-runner\.runner_migrated
[2025-10-05 07:40:52Z INFO HostContext] Well known directory 'Bin': 'C:\Users\magnu\OneDrive - NTNU\NTNU(alive)\5th.semester\DCST3005\DCST3005\actions-runner\bin'
[2025-10-05 07:40:52Z INFO HostContext] Well known directory 'Root': 'C:\Users\magnu\OneDrive - NTNU\NTNU(alive)\5th.semester\DCST3005\DCST3005\actions-runner'
[2025-10-05 07:40:52Z INFO HostContext] Well known config file 'Credentials': 'C:\Users\magnu\OneDrive - NTNU\NTNU(alive)\5th.semester\DCST3005\DCST3005\actions-runner\.credentials'
[2025-10-05 07:40:52Z INFO ConfigurationStore] CredFilePath: C:\Users\magnu\OneDrive - NTNU\NTNU(alive)\5th.semester\DCST3005\DCST3005\actions-runner\.credentials
[2025-10-05 07:40:52Z INFO HostContext] Well known directory 'Bin': 'C:\Users\magnu\OneDrive - NTNU\NTNU(alive)\5th.semester\DCST3005\DCST3005\actions-runner\bin'
[2025-10-05 07:40:52Z INFO HostContext] Well known directory 'Root': 'C:\Users\magnu\OneDrive - NTNU\NTNU(alive)\5th.semester\DCST3005\DCST3005\actions-runner'
[2025-10-05 07:40:52Z INFO HostContext] Well known config file 'MigratedCredentials': 'C:\Users\magnu\OneDrive - NTNU\NTNU(alive)\5th.semester\DCST3005\DCST3005\actions-runner\.credentials_migrated'
[2025-10-05 07:40:52Z INFO ConfigurationStore] MigratedCredFilePath: C:\Users\magnu\OneDrive - NTNU\NTNU(alive)\5th.semester\DCST3005\DCST3005\actions-runner\.credentials_migrated
[2025-10-05 07:40:52Z INFO HostContext] Well known directory 'Bin': 'C:\Users\magnu\OneDrive - NTNU\NTNU(alive)\5th.semester\DCST3005\DCST3005\actions-runner\bin'
[2025-10-05 07:40:52Z INFO HostContext] Well known directory 'Root': 'C:\Users\magnu\OneDrive - NTNU\NTNU(alive)\5th.semester\DCST3005\DCST3005\actions-runner'
[2025-10-05 07:40:52Z INFO HostContext] Well known config file 'Service': 'C:\Users\magnu\OneDrive - NTNU\NTNU(alive)\5th.semester\DCST3005\DCST3005\actions-runner\.service'
[2025-10-05 07:40:52Z INFO ConfigurationStore] ServiceConfigFilePath: C:\Users\magnu\OneDrive - NTNU\NTNU(alive)\5th.semester\DCST3005\DCST3005\actions-runner\.service
[2025-10-05 07:40:52Z INFO CommandSettings] Flag 'help': 'False'
[2025-10-05 07:40:52Z INFO CommandSettings] Flag 'version': 'False'
[2025-10-05 07:40:52Z INFO CommandSettings] Flag 'commit': 'False'
[2025-10-05 07:40:52Z INFO CommandSettings] Flag 'check': 'False'
[2025-10-05 07:40:52Z INFO CommandSettings] Command 'configure': 'False'
[2025-10-05 07:40:52Z INFO CommandSettings] Command 'remove': 'True'
[2025-10-05 07:40:52Z INFO CommandSettings] Flag 'local': 'False'
[2025-10-05 07:40:52Z INFO ConfigurationStore] IsServiceConfigured()
[2025-10-05 07:40:52Z INFO ConfigurationStore] IsServiceConfigured: False
[2025-10-05 07:40:52Z INFO ConfigurationStore] IsConfigured()
[2025-10-05 07:40:52Z INFO ConfigurationStore] IsConfigured: True
[2025-10-05 07:40:52Z INFO ConfigurationStore] HasCredentials()
[2025-10-05 07:40:52Z INFO ConfigurationStore] stored True
[2025-10-05 07:40:52Z INFO ConfigurationStore] Read setting file: 381 chars
[2025-10-05 07:40:52Z INFO CommandSettings] Arg 'token': ''
[2025-10-05 07:40:52Z INFO CommandSettings] Flag 'unattended': 'False'
[2025-10-05 07:40:52Z INFO PromptManager] ReadValue
[2025-10-05 07:40:52Z INFO Terminal] WRITE: Enter runner remove token: 
[2025-10-05 07:40:52Z INFO Terminal] READ SECRET
[2025-10-05 07:41:07Z INFO Terminal] Read value: '***'
[2025-10-05 07:41:08Z INFO RunnerDotcomServer] Http response code: NoContent from 'Delete https://api.github.com/repos/mag-IaC/IaC/actions/runners/21' (E912:1650B0:3E7A54:38F735:68E22113)
[2025-10-05 07:41:08Z INFO Terminal] WRITE LINE: 
[2025-10-05 07:41:08Z INFO ConfigurationStore] IsConfigured()
[2025-10-05 07:41:08Z INFO ConfigurationStore] IsConfigured: True
[2025-10-05 07:41:08Z INFO ConfigurationStore] HasCredentials()
[2025-10-05 07:41:08Z INFO ConfigurationStore] stored True
[2025-10-05 07:41:08Z INFO HostContext] Well known directory 'Bin': 'C:\Users\magnu\OneDrive - NTNU\NTNU(alive)\5th.semester\DCST3005\DCST3005\actions-runner\bin'
[2025-10-05 07:41:08Z INFO HostContext] Well known directory 'Root': 'C:\Users\magnu\OneDrive - NTNU\NTNU(alive)\5th.semester\DCST3005\DCST3005\actions-runner'
[2025-10-05 07:41:08Z INFO HostContext] Well known config file 'RSACredentials': 'C:\Users\magnu\OneDrive - NTNU\NTNU(alive)\5th.semester\DCST3005\DCST3005\actions-runner\.credentials_rsaparams'
[2025-10-05 07:41:08Z INFO RSAEncryptedFileKeyManager] Deleting RSA key parameters file C:\Users\magnu\OneDrive - NTNU\NTNU(alive)\5th.semester\DCST3005\DCST3005\actions-runner\.credentials_rsaparams
[2025-10-05 07:41:08Z INFO Terminal] WRITE LINE: 
[2025-10-05 07:41:08Z INFO Listener] Runner execution has finished with return code 0
