[2025-10-12 14:02:20Z INFO HostContext] No proxy settings were found based on environmental variables (http_proxy/https_proxy/HTTP_PROXY/HTTPS_PROXY)
[2025-10-12 14:02:20Z INFO HostContext] Well known directory 'Bin': 'C:\Users\magnu\OneDrive - NTNU\NTNU(alive)\5th.semester\DCST3005\DCST3005\actions-runner\bin'
[2025-10-12 14:02:20Z INFO HostContext] Well known directory 'Root': 'C:\Users\magnu\OneDrive - NTNU\NTNU(alive)\5th.semester\DCST3005\DCST3005\actions-runner'
[2025-10-12 14:02:20Z INFO HostContext] Well known config file 'Credentials': 'C:\Users\magnu\OneDrive - NTNU\NTNU(alive)\5th.semester\DCST3005\DCST3005\actions-runner\.credentials'
[2025-10-12 14:02:20Z INFO HostContext] Well known directory 'Bin': 'C:\Users\magnu\OneDrive - NTNU\NTNU(alive)\5th.semester\DCST3005\DCST3005\actions-runner\bin'
[2025-10-12 14:02:20Z INFO HostContext] Well known directory 'Root': 'C:\Users\magnu\OneDrive - NTNU\NTNU(alive)\5th.semester\DCST3005\DCST3005\actions-runner'
[2025-10-12 14:02:20Z INFO HostContext] Well known config file 'Runner': 'C:\Users\magnu\OneDrive - NTNU\NTNU(alive)\5th.semester\DCST3005\DCST3005\actions-runner\.runner'
[2025-10-12 14:02:20Z INFO Worker] Version: 2.328.0
[2025-10-12 14:02:20Z INFO Worker] Commit: 6f9a9110adce65f44ca6f7c0ae142b9cc6af937b
[2025-10-12 14:02:20Z INFO Worker] Culture: en-US
[2025-10-12 14:02:20Z INFO Worker] UI Culture: en-US
[2025-10-12 14:02:20Z INFO Worker] Waiting to receive the job message from the channel.
[2025-10-12 14:02:20Z INFO ProcessChannel] Receiving message of length 22654, with hash '5d040e91de82322180325407b44bbe00f2b38533a6913a2c7ac39642fbbc097b'
[2025-10-12 14:02:20Z INFO Worker] Message received.
[2025-10-12 14:02:20Z INFO Worker] Job message:
 {
  "fileTable": [
    ".github/workflows/azure-login-test.yml"
  ],
  "mask": [
    {
      "type": "regex",
      "value": "***"
    },
    {
      "type": "regex",
      "value": "***"
    },
    {
      "type": "regex",
      "value": "***"
    },
    {
      "type": "regex",
      "value": "***"
    },
    {
      "type": "regex",
      "value": "***"
    },
    {
      "type": "regex",
      "value": "***"
    },
    {
      "type": "regex",
      "value": "***"
    },
    {
      "type": "regex",
      "value": "***"
    },
    {
      "type": "regex",
      "value": "***"
    },
    {
      "type": "regex",
      "value": "***"
    },
    {
      "type": "regex",
      "value": "***"
    },
    {
      "type": "regex",
      "value": "***"
    },
    {
      "type": "regex",
      "value": "***"
    },
    {
      "type": "regex",
      "value": "***"
    },
    {
      "type": "regex",
      "value": "***"
    },
    {
      "type": "regex",
      "value": "***"
    },
    {
      "type": "regex",
      "value": "***"
    },
    {
      "type": "regex",
      "value": "***"
    }
  ],
  "steps": [
    {
      "type": "action",
      "reference": {
        "type": "repository",
        "name": "actions/checkout",
        "ref": "v4",
        "repositoryType": "GitHub"
      },
      "contextName": "__actions_checkout",
      "condition": "success()",
      "id": "26b21fe4-cdc1-4781-b59e-547975ab7a31",
      "name": "__actions_checkout"
    },
    {
      "type": "action",
      "reference": {
        "type": "script"
      },
      "displayNameToken": {
        "type": 0,
        "file": 1,
        "line": 18,
        "col": 15,
        "lit": "Sanity check repository secrets"
      },
      "contextName": "__run",
      "inputs": {
        "type": 2,
        "map": [
          {
            "key": "script",
            "value": {
              "type": 3,
              "file": 1,
              "line": 19,
              "col": 14,
              "expr": "format('test -n \"{0}\" || {{ echo \"Missing AZURE_CLIENT_ID (repo secret)\"; exit 1; }}\ntest -n \"{1}\" || {{ echo \"Missing AZURE_TENANT_ID (repo secret)\"; exit 1; }}\ntest -n \"{2}\" || {{ echo \"Missing AZURE_SUBSCRIPTION_ID (repo secret)\"; exit 1; }}\n', secrets.AZURE_CLIENT_ID, secrets.AZURE_TENANT_ID, secrets.AZURE_SUBSCRIPTION_ID)"
            }
          }
        ]
      },
      "condition": "success()",
      "id": "98d1e9be-51a0-4afb-bdd3-000e99617f29",
      "name": "__run"
    },
    {
      "type": "action",
      "reference": {
        "type": "repository",
        "name": "azure/login",
        "ref": "v2",
        "repositoryType": "GitHub"
      },
      "displayNameToken": {
        "type": 0,
        "file": 1,
        "line": 24,
        "col": 15,
        "lit": "Azure login (OIDC)"
      },
      "contextName": "__azure_login",
      "inputs": {
        "type": 2,
        "file": 1,
        "line": 27,
        "col": 11,
        "map": [
          {
            "key": {
              "type": 0,
              "file": 1,
              "line": 27,
              "col": 11,
              "lit": "client-id"
            },
            "value": {
              "type": 3,
              "file": 1,
              "line": 27,
              "col": 22,
              "expr": "secrets.AZURE_CLIENT_ID"
            }
          },
          {
            "key": {
              "type": 0,
              "file": 1,
              "line": 28,
              "col": 11,
              "lit": "tenant-id"
            },
            "value": {
              "type": 3,
              "file": 1,
              "line": 28,
              "col": 22,
              "expr": "secrets.AZURE_TENANT_ID"
            }
          },
          {
            "key": {
              "type": 0,
              "file": 1,
              "line": 29,
              "col": 11,
              "lit": "subscription-id"
            },
            "value": {
              "type": 3,
              "file": 1,
              "line": 29,
              "col": 28,
              "expr": "secrets.AZURE_SUBSCRIPTION_ID"
            }
          },
          {
            "key": {
              "type": 0,
              "file": 1,
              "line": 30,
              "col": 11,
              "lit": "enable-AzPSSession"
            },
            "value": {
              "type": 0,
              "file": 1,
              "line": 30,
              "col": 31,
              "lit": "false"
            }
          }
        ]
      },
      "condition": "success()",
      "id": "6e7f7edf-d7da-4a71-9543-1cdecedd76fb",
      "name": "__azure_login"
    },
    {
      "type": "action",
      "reference": {
        "type": "script"
      },
      "displayNameToken": {
        "type": 0,
        "file": 1,
        "line": 32,
        "col": 15,
        "lit": "Azure CLI (native on runner)"
      },
      "contextName": "__run_2",
      "inputs": {
        "type": 2,
        "map": [
          {
            "key": "script",
            "value": {
              "type": 0,
              "file": 1,
              "line": 34,
              "col": 14,
              "lit": "az --version\naz account show\n"
            }
          },
          {
            "key": "shell",
            "value": {
              "type": 0,
              "file": 1,
              "line": 33,
              "col": 16,
              "lit": "bash"
            }
          }
        ]
      },
      "condition": "success()",
      "id": "6bb45277-1d9f-4655-9ff2-6ee3cd2b05a4",
      "name": "__run_2"
    }
  ],
  "variables": {
    "AZURE_CLIENT_ID": {
      "value": "***",
      "isSecret": true
    },
    "AZURE_SUBSCRIPTION_ID": {
      "value": "***",
      "isSecret": true
    },
    "AZURE_TENANT_ID": {
      "value": "***",
      "isSecret": true
    },
    "Actions.EnableHttpRedirects": {
      "value": "true"
    },
    "DistributedTask.AddWarningToNode12Action": {
      "value": "true"
    },
    "DistributedTask.AddWarningToNode16Action": {
      "value": "true"
    },
    "DistributedTask.AllowRunnerContainerHooks": {
      "value": "true"
    },
    "DistributedTask.DeprecateStepOutputCommands": {
      "value": "true"
    },
    "DistributedTask.DetailUntarFailure": {
      "value": "true"
    },
    "DistributedTask.EnableCompositeActions": {
      "value": "true"
    },
    "DistributedTask.EnableJobServerQueueTelemetry": {
      "value": "true"
    },
    "DistributedTask.EnhancedAnnotations": {
      "value": "true"
    },
    "DistributedTask.ForceGithubJavascriptActionsToNode16": {
      "value": "true"
    },
    "DistributedTask.ForceGithubJavascriptActionsToNode20": {
      "value": "true"
    },
    "DistributedTask.LogTemplateErrorsAsDebugMessages": {
      "value": "true"
    },
    "DistributedTask.MarkJobAsFailedOnWorkerCrash": {
      "value": "true"
    },
    "DistributedTask.NewActionMetadata": {
      "value": "true"
    },
    "DistributedTask.UploadStepSummary": {
      "value": "true"
    },
    "DistributedTask.UseActionArchiveCache": {
      "value": "true"
    },
    "DistributedTask.UseWhich2": {
      "value": "true"
    },
    "RunService.FixEmbeddedIssues": {
      "value": "true"
    },
    "actions_add_check_run_id_to_job_context": {
      "value": "true"
    },
    "actions_display_helpful_actions_download_errors": {
      "value": "true"
    },
    "actions_skip_retry_complete_job_upon_known_errors": {
      "value": "true"
    },
    "actions_uses_cache_service_v2": {
      "value": "true"
    },
    "github_token": {
      "value": "***",
      "isSecret": true
    },
    "system.from_run_service": {
      "value": "true"
    },
    "system.github.job": {
      "value": "login-and-check"
    },
    "system.github.launch_endpoint": {
      "value": "https://launch.actions.githubusercontent.com"
    },
    "system.github.results_endpoint": {
      "value": "https://results-receiver.actions.githubusercontent.com/"
    },
    "system.github.results_upload_with_sdk": {
      "value": "true"
    },
    "system.github.token": {
      "value": "***",
      "isSecret": true
    },
    "system.github.token.permissions": {
      "value": "{\"Contents\":\"read\",\"Metadata\":\"read\"}"
    },
    "system.orchestrationId": {
      "value": "f5ba7839-92ff-4e63-ab75-13b30bb6f557.login-and-check.__default"
    },
    "system.phaseDisplayName": {
      "value": "login-and-check"
    },
    "system.runner.lowdiskspacethreshold": {
      "value": "100"
    },
    "system.runnerEnvironment": {
      "value": "self-hosted"
    },
    "system.runnerGroupName": {
      "value": "Default"
    }
  },
  "messageType": "RunnerJobRequest",
  "plan": {
    "scopeIdentifier": "00000000-0000-0000-0000-000000000000",
    "planType": "actions",
    "version": 0,
    "planId": "f5ba7839-92ff-4e63-ab75-13b30bb6f557",
    "planGroup": null,
    "artifactUri": null,
    "artifactLocation": null,
    "definition": null,
    "owner": null
  },
  "timeline": {
    "id": "f5ba7839-92ff-4e63-ab75-13b30bb6f557",
    "changeId": 0,
    "location": null
  },
  "jobId": "ea14c952-c316-5688-bed7-99c439aa346c",
  "jobDisplayName": "login-and-check",
  "jobName": "__default",
  "requestId": 0,
  "lockedUntil": "0001-01-01T00:00:00",
  "resources": {
    "endpoints": [
      {
        "data": {
          "ServerId": "",
          "ServerName": "",
          "CacheServerUrl": "https://artifactcache.actions.githubusercontent.com/OAl3VkefnLrxxD3RmUfO85aa1scPu8EoAxBzw9rv6t5QwcjaI4/",
          "FeedStreamUrl": "wss://results-receiver.actions.githubusercontent.com/_ws/ingest.sock",
          "ResultsServiceUrl": "https://results-receiver.actions.githubusercontent.com/",
          "PipelinesServiceUrl": "https://pipelinesghubeus26.actions.githubusercontent.com/OAl3VkefnLrxxD3RmUfO85aa1scPu8EoAxBzw9rv6t5QwcjaI4/",
          "GenerateIdTokenUrl": "https://run-actions-1-azure-eastus.actions.githubusercontent.com/65//idtoken/f5ba7839-92ff-4e63-ab75-13b30bb6f557/ea14c952-c316-5688-bed7-99c439aa346c?api-version=2.0"
        },
        "name": "SystemVssConnection",
        "url": "https://run-actions-1-azure-eastus.actions.githubusercontent.com/65/",
        "authorization": {
          "parameters": {
            "AccessToken": "***"
          },
          "scheme": "OAuth"
        },
        "isShared": false,
        "isReady": true
      }
    ]
  },
  "contextData": {
    "github": {
      "t": 2,
      "d": [
        {
          "k": "ref",
          "v": "refs/heads/main"
        },
        {
          "k": "sha",
          "v": "cd91364060087559aab2f4fb350632238c1607b8"
        },
        {
          "k": "repository",
          "v": "mag-IaC/IaC"
        },
        {
          "k": "repository_owner",
          "v": "mag-IaC"
        },
        {
          "k": "repository_owner_id",
          "v": "236162927"
        },
        {
          "k": "repositoryUrl",
          "v": "git://github.com/mag-IaC/IaC.git"
        },
        {
          "k": "run_id",
          "v": "18444872945"
        },
        {
          "k": "run_number",
          "v": "6"
        },
        {
          "k": "retention_days",
          "v": "90"
        },
        {
          "k": "run_attempt",
          "v": "2"
        },
        {
          "k": "artifact_cache_size_limit",
          "v": "10"
        },
        {
          "k": "repository_visibility",
          "v": "private"
        },
        {
          "k": "actor_id",
          "v": "145982602"
        },
        {
          "k": "actor",
          "v": "mag-lange"
        },
        {
          "k": "workflow",
          "v": "Azure OIDC login via self-hosted runner"
        },
        {
          "k": "head_ref",
          "v": ""
        },
        {
          "k": "base_ref",
          "v": ""
        },
        {
          "k": "event_name",
          "v": "push"
        },
        {
          "k": "server_url",
          "v": "https://github.com"
        },
        {
          "k": "api_url",
          "v": "https://api.github.com"
        },
        {
          "k": "graphql_url",
          "v": "https://api.github.com/graphql"
        },
        {
          "k": "ref_name",
          "v": "main"
        },
        {
          "k": "ref_protected",
          "v": false
        },
        {
          "k": "ref_type",
          "v": "branch"
        },
        {
          "k": "secret_source",
          "v": "Actions"
        },
        {
          "k": "event",
          "v": {
            "t": 2,
            "d": [
              {
                "k": "after",
                "v": "cd91364060087559aab2f4fb350632238c1607b8"
              },
              {
                "k": "base_ref",
                "v": null
              },
              {
                "k": "before",
                "v": "eb16e3b0144920e9360f3ebca63b947fa835ea84"
              },
              {
                "k": "commits",
                "v": {
                  "t": 1,
                  "a": [
                    {
                      "t": 2,
                      "d": [
                        {
                          "k": "author",
                          "v": {
                            "t": 2,
                            "d": [
                              {
                                "k": "email",
                                "v": "145982602+mag-lange@users.noreply.github.com"
                              },
                              {
                                "k": "name",
                                "v": "magnolan@stud.ntnu.no"
                              },
                              {
                                "k": "username",
                                "v": "mag-lange"
                              }
                            ]
                          }
                        },
                        {
                          "k": "committer",
                          "v": {
                            "t": 2,
                            "d": [
                              {
                                "k": "email",
                                "v": "noreply@github.com"
                              },
                              {
                                "k": "name",
                                "v": "GitHub"
                              },
                              {
                                "k": "username",
                                "v": "web-flow"
                              }
                            ]
                          }
                        },
                        {
                          "k": "distinct",
                          "v": true
                        },
                        {
                          "k": "id",
                          "v": "cd91364060087559aab2f4fb350632238c1607b8"
                        },
                        {
                          "k": "message",
                          "v": "Update azure-login-test.yml"
                        },
                        {
                          "k": "timestamp",
                          "v": "2025-10-12T15:52:28+02:00"
                        },
                        {
                          "k": "tree_id",
                          "v": "457f899d8acfc614fe4593a58cc96a5328950989"
                        },
                        {
                          "k": "url",
                          "v": "https://github.com/mag-IaC/IaC/commit/cd91364060087559aab2f4fb350632238c1607b8"
                        }
                      ]
                    }
                  ]
                }
              },
              {
                "k": "compare",
                "v": "https://github.com/mag-IaC/IaC/compare/eb16e3b01449...cd9136406008"
              },
              {
                "k": "created",
                "v": false
              },
              {
                "k": "deleted",
                "v": false
              },
              {
                "k": "forced",
                "v": false
              },
              {
                "k": "head_commit",
                "v": {
                  "t": 2,
                  "d": [
                    {
                      "k": "author",
                      "v": {
                        "t": 2,
                        "d": [
                          {
                            "k": "email",
                            "v": "145982602+mag-lange@users.noreply.github.com"
                          },
                          {
                            "k": "name",
                            "v": "magnolan@stud.ntnu.no"
                          },
                          {
                            "k": "username",
                            "v": "mag-lange"
                          }
                        ]
                      }
                    },
                    {
                      "k": "committer",
                      "v": {
                        "t": 2,
                        "d": [
                          {
                            "k": "email",
                            "v": "noreply@github.com"
                          },
                          {
                            "k": "name",
                            "v": "GitHub"
                          },
                          {
                            "k": "username",
                            "v": "web-flow"
                          }
                        ]
                      }
                    },
                    {
                      "k": "distinct",
                      "v": true
                    },
                    {
                      "k": "id",
                      "v": "cd91364060087559aab2f4fb350632238c1607b8"
                    },
                    {
                      "k": "message",
                      "v": "Update azure-login-test.yml"
                    },
                    {
                      "k": "timestamp",
                      "v": "2025-10-12T15:52:28+02:00"
                    },
                    {
                      "k": "tree_id",
                      "v": "457f899d8acfc614fe4593a58cc96a5328950989"
                    },
                    {
                      "k": "url",
                      "v": "https://github.com/mag-IaC/IaC/commit/cd91364060087559aab2f4fb350632238c1607b8"
                    }
                  ]
                }
              },
              {
                "k": "organization",
                "v": {
                  "t": 2,
                  "d": [
                    {
                      "k": "avatar_url",
                      "v": "https://avatars.githubusercontent.com/u/236162927?v=4"
                    },
                    {
                      "k": "description",
                      "v": null
                    },
                    {
                      "k": "events_url",
                      "v": "https://api.github.com/orgs/mag-IaC/events"
                    },
                    {
                      "k": "hooks_url",
                      "v": "https://api.github.com/orgs/mag-IaC/hooks"
                    },
                    {
                      "k": "id",
                      "v": 236162927.0
                    },
                    {
                      "k": "issues_url",
                      "v": "https://api.github.com/orgs/mag-IaC/issues"
                    },
                    {
                      "k": "login",
                      "v": "mag-IaC"
                    },
                    {
                      "k": "members_url",
                      "v": "https://api.github.com/orgs/mag-IaC/members{/member}"
                    },
                    {
                      "k": "node_id",
                      "v": "O_kgDODhOPbw"
                    },
                    {
                      "k": "public_members_url",
                      "v": "https://api.github.com/orgs/mag-IaC/public_members{/member}"
                    },
                    {
                      "k": "repos_url",
                      "v": "https://api.github.com/orgs/mag-IaC/repos"
                    },
                    {
                      "k": "url",
                      "v": "https://api.github.com/orgs/mag-IaC"
                    }
                  ]
                }
              },
              {
                "k": "pusher",
                "v": {
                  "t": 2,
                  "d": [
                    {
                      "k": "email",
                      "v": "145982602+mag-lange@users.noreply.github.com"
                    },
                    {
                      "k": "name",
                      "v": "mag-lange"
                    }
                  ]
                }
              },
              {
                "k": "ref",
                "v": "refs/heads/main"
              },
              {
                "k": "repository",
                "v": {
                  "t": 2,
                  "d": [
                    {
                      "k": "allow_forking",
                      "v": false
                    },
                    {
                      "k": "archive_url",
                      "v": "https://api.github.com/repos/mag-IaC/IaC/{archive_format}{/ref}"
                    },
                    {
                      "k": "archived",
                      "v": false
                    },
                    {
                      "k": "assignees_url",
                      "v": "https://api.github.com/repos/mag-IaC/IaC/assignees{/user}"
                    },
                    {
                      "k": "blobs_url",
                      "v": "https://api.github.com/repos/mag-IaC/IaC/git/blobs{/sha}"
                    },
                    {
                      "k": "branches_url",
                      "v": "https://api.github.com/repos/mag-IaC/IaC/branches{/branch}"
                    },
                    {
                      "k": "clone_url",
                      "v": "https://github.com/mag-IaC/IaC.git"
                    },
                    {
                      "k": "collaborators_url",
                      "v": "https://api.github.com/repos/mag-IaC/IaC/collaborators{/collaborator}"
                    },
                    {
                      "k": "comments_url",
                      "v": "https://api.github.com/repos/mag-IaC/IaC/comments{/number}"
                    },
                    {
                      "k": "commits_url",
                      "v": "https://api.github.com/repos/mag-IaC/IaC/commits{/sha}"
                    },
                    {
                      "k": "compare_url",
                      "v": "https://api.github.com/repos/mag-IaC/IaC/compare/{base}...{head}"
                    },
                    {
                      "k": "contents_url",
                      "v": "https://api.github.com/repos/mag-IaC/IaC/contents/{+path}"
                    },
                    {
                      "k": "contributors_url",
                      "v": "https://api.github.com/repos/mag-IaC/IaC/contributors"
                    },
                    {
                      "k": "created_at",
                      "v": 1755775229.0
                    },
                    {
                      "k": "custom_properties",
                      "v": {
                        "t": 2
                      }
                    },
                    {
                      "k": "default_branch",
                      "v": "main"
                    },
                    {
                      "k": "deployments_url",
                      "v": "https://api.github.com/repos/mag-IaC/IaC/deployments"
                    },
                    {
                      "k": "description",
                      "v": "Used for the subject DCST3005"
                    },
                    {
                      "k": "disabled",
                      "v": false
                    },
                    {
                      "k": "downloads_url",
                      "v": "https://api.github.com/repos/mag-IaC/IaC/downloads"
                    },
                    {
                      "k": "events_url",
                      "v": "https://api.github.com/repos/mag-IaC/IaC/events"
                    },
                    {
                      "k": "fork",
                      "v": false
                    },
                    {
                      "k": "forks",
                      "v": 0.0
                    },
                    {
                      "k": "forks_count",
                      "v": 0.0
                    },
                    {
                      "k": "forks_url",
                      "v": "https://api.github.com/repos/mag-IaC/IaC/forks"
                    },
                    {
                      "k": "full_name",
                      "v": "mag-IaC/IaC"
                    },
                    {
                      "k": "git_commits_url",
                      "v": "https://api.github.com/repos/mag-IaC/IaC/git/commits{/sha}"
                    },
                    {
                      "k": "git_refs_url",
                      "v": "https://api.github.com/repos/mag-IaC/IaC/git/refs{/sha}"
                    },
                    {
                      "k": "git_tags_url",
                      "v": "https://api.github.com/repos/mag-IaC/IaC/git/tags{/sha}"
                    },
                    {
                      "k": "git_url",
                      "v": "git://github.com/mag-IaC/IaC.git"
                    },
                    {
                      "k": "has_discussions",
                      "v": false
                    },
                    {
                      "k": "has_downloads",
                      "v": true
                    },
                    {
                      "k": "has_issues",
                      "v": true
                    },
                    {
                      "k": "has_pages",
                      "v": false
                    },
                    {
                      "k": "has_projects",
                      "v": true
                    },
                    {
                      "k": "has_wiki",
                      "v": false
                    },
                    {
                      "k": "homepage",
                      "v": null
                    },
                    {
                      "k": "hooks_url",
                      "v": "https://api.github.com/repos/mag-IaC/IaC/hooks"
                    },
                    {
                      "k": "html_url",
                      "v": "https://github.com/mag-IaC/IaC"
                    },
                    {
                      "k": "id",
                      "v": 1042025461.0
                    },
                    {
                      "k": "is_template",
                      "v": false
                    },
                    {
                      "k": "issue_comment_url",
                      "v": "https://api.github.com/repos/mag-IaC/IaC/issues/comments{/number}"
                    },
                    {
                      "k": "issue_events_url",
                      "v": "https://api.github.com/repos/mag-IaC/IaC/issues/events{/number}"
                    },
                    {
                      "k": "issues_url",
                      "v": "https://api.github.com/repos/mag-IaC/IaC/issues{/number}"
                    },
                    {
                      "k": "keys_url",
                      "v": "https://api.github.com/repos/mag-IaC/IaC/keys{/key_id}"
                    },
                    {
                      "k": "labels_url",
                      "v": "https://api.github.com/repos/mag-IaC/IaC/labels{/name}"
                    },
                    {
                      "k": "language",
                      "v": "HCL"
                    },
                    {
                      "k": "languages_url",
                      "v": "https://api.github.com/repos/mag-IaC/IaC/languages"
                    },
                    {
                      "k": "license",
                      "v": null
                    },
                    {
                      "k": "master_branch",
                      "v": "main"
                    },
                    {
                      "k": "merges_url",
                      "v": "https://api.github.com/repos/mag-IaC/IaC/merges"
                    },
                    {
                      "k": "milestones_url",
                      "v": "https://api.github.com/repos/mag-IaC/IaC/milestones{/number}"
                    },
                    {
                      "k": "mirror_url",
                      "v": null
                    },
                    {
                      "k": "name",
                      "v": "IaC"
                    },
                    {
                      "k": "node_id",
                      "v": "R_kgDOPhwL9Q"
                    },
                    {
                      "k": "notifications_url",
                      "v": "https://api.github.com/repos/mag-IaC/IaC/notifications{?since,all,participating}"
                    },
                    {
                      "k": "open_issues",
                      "v": 0.0
                    },
                    {
                      "k": "open_issues_count",
                      "v": 0.0
                    },
                    {
                      "k": "organization",
                      "v": "mag-IaC"
                    },
                    {
                      "k": "owner",
                      "v": {
                        "t": 2,
                        "d": [
                          {
                            "k": "avatar_url",
                            "v": "https://avatars.githubusercontent.com/u/236162927?v=4"
                          },
                          {
                            "k": "email",
                            "v": null
                          },
                          {
                            "k": "events_url",
                            "v": "https://api.github.com/users/mag-IaC/events{/privacy}"
                          },
                          {
                            "k": "followers_url",
                            "v": "https://api.github.com/users/mag-IaC/followers"
                          },
                          {
                            "k": "following_url",
                            "v": "https://api.github.com/users/mag-IaC/following{/other_user}"
                          },
                          {
                            "k": "gists_url",
                            "v": "https://api.github.com/users/mag-IaC/gists{/gist_id}"
                          },
                          {
                            "k": "gravatar_id",
                            "v": ""
                          },
                          {
                            "k": "html_url",
                            "v": "https://github.com/mag-IaC"
                          },
                          {
                            "k": "id",
                            "v": 236162927.0
                          },
                          {
                            "k": "login",
                            "v": "mag-IaC"
                          },
                          {
                            "k": "name",
                            "v": "mag-IaC"
                          },
                          {
                            "k": "node_id",
                            "v": "O_kgDODhOPbw"
                          },
                          {
                            "k": "organizations_url",
                            "v": "https://api.github.com/users/mag-IaC/orgs"
                          },
                          {
                            "k": "received_events_url",
                            "v": "https://api.github.com/users/mag-IaC/received_events"
                          },
                          {
                            "k": "repos_url",
                            "v": "https://api.github.com/users/mag-IaC/repos"
                          },
                          {
                            "k": "site_admin",
                            "v": false
                          },
                          {
                            "k": "starred_url",
                            "v": "https://api.github.com/users/mag-IaC/starred{/owner}{/repo}"
                          },
                          {
                            "k": "subscriptions_url",
                            "v": "https://api.github.com/users/mag-IaC/subscriptions"
                          },
                          {
                            "k": "type",
                            "v": "Organization"
                          },
                          {
                            "k": "url",
                            "v": "https://api.github.com/users/mag-IaC"
                          },
                          {
                            "k": "user_view_type",
                            "v": "public"
                          }
                        ]
                      }
                    },
                    {
                      "k": "private",
                      "v": true
                    },
                    {
                      "k": "pulls_url",
                      "v": "https://api.github.com/repos/mag-IaC/IaC/pulls{/number}"
                    },
                    {
                      "k": "pushed_at",
                      "v": 1760277148.0
                    },
                    {
                      "k": "releases_url",
                      "v": "https://api.github.com/repos/mag-IaC/IaC/releases{/id}"
                    },
                    {
                      "k": "size",
                      "v": 114.0
                    },
                    {
                      "k": "ssh_url",
                      "v": "git@github.com:mag-IaC/IaC.git"
                    },
                    {
                      "k": "stargazers",
                      "v": 0.0
                    },
                    {
                      "k": "stargazers_count",
                      "v": 0.0
                    },
                    {
                      "k": "stargazers_url",
                      "v": "https://api.github.com/repos/mag-IaC/IaC/stargazers"
                    },
                    {
                      "k": "statuses_url",
                      "v": "https://api.github.com/repos/mag-IaC/IaC/statuses/{sha}"
                    },
                    {
                      "k": "subscribers_url",
                      "v": "https://api.github.com/repos/mag-IaC/IaC/subscribers"
                    },
                    {
                      "k": "subscription_url",
                      "v": "https://api.github.com/repos/mag-IaC/IaC/subscription"
                    },
                    {
                      "k": "svn_url",
                      "v": "https://github.com/mag-IaC/IaC"
                    },
                    {
                      "k": "tags_url",
                      "v": "https://api.github.com/repos/mag-IaC/IaC/tags"
                    },
                    {
                      "k": "teams_url",
                      "v": "https://api.github.com/repos/mag-IaC/IaC/teams"
                    },
                    {
                      "k": "topics",
                      "v": {
                        "t": 1
                      }
                    },
                    {
                      "k": "trees_url",
                      "v": "https://api.github.com/repos/mag-IaC/IaC/git/trees{/sha}"
                    },
                    {
                      "k": "updated_at",
                      "v": "2025-10-12T13:46:38Z"
                    },
                    {
                      "k": "url",
                      "v": "https://api.github.com/repos/mag-IaC/IaC"
                    },
                    {
                      "k": "visibility",
                      "v": "private"
                    },
                    {
                      "k": "watchers",
                      "v": 0.0
                    },
                    {
                      "k": "watchers_count",
                      "v": 0.0
                    },
                    {
                      "k": "web_commit_signoff_required",
                      "v": false
                    }
                  ]
                }
              },
              {
                "k": "sender",
                "v": {
                  "t": 2,
                  "d": [
                    {
                      "k": "avatar_url",
                      "v": "https://avatars.githubusercontent.com/u/145982602?v=4"
                    },
                    {
                      "k": "events_url",
                      "v": "https://api.github.com/users/mag-lange/events{/privacy}"
                    },
                    {
                      "k": "followers_url",
                      "v": "https://api.github.com/users/mag-lange/followers"
                    },
                    {
                      "k": "following_url",
                      "v": "https://api.github.com/users/mag-lange/following{/other_user}"
                    },
                    {
                      "k": "gists_url",
                      "v": "https://api.github.com/users/mag-lange/gists{/gist_id}"
                    },
                    {
                      "k": "gravatar_id",
                      "v": ""
                    },
                    {
                      "k": "html_url",
                      "v": "https://github.com/mag-lange"
                    },
                    {
                      "k": "id",
                      "v": 145982602.0
                    },
                    {
                      "k": "login",
                      "v": "mag-lange"
                    },
                    {
                      "k": "node_id",
                      "v": "U_kgDOCLOEig"
                    },
                    {
                      "k": "organizations_url",
                      "v": "https://api.github.com/users/mag-lange/orgs"
                    },
                    {
                      "k": "received_events_url",
                      "v": "https://api.github.com/users/mag-lange/received_events"
                    },
                    {
                      "k": "repos_url",
                      "v": "https://api.github.com/users/mag-lange/repos"
                    },
                    {
                      "k": "site_admin",
                      "v": false
                    },
                    {
                      "k": "starred_url",
                      "v": "https://api.github.com/users/mag-lange/starred{/owner}{/repo}"
                    },
                    {
                      "k": "subscriptions_url",
                      "v": "https://api.github.com/users/mag-lange/subscriptions"
                    },
                    {
                      "k": "type",
                      "v": "User"
                    },
                    {
                      "k": "url",
                      "v": "https://api.github.com/users/mag-lange"
                    },
                    {
                      "k": "user_view_type",
                      "v": "public"
                    }
                  ]
                }
              }
            ]
          }
        },
        {
          "k": "workflow_ref",
          "v": "mag-IaC/IaC/.github/workflows/azure-login-test.yml@refs/heads/main"
        },
        {
          "k": "workflow_sha",
          "v": "cd91364060087559aab2f4fb350632238c1607b8"
        },
        {
          "k": "repository_id",
          "v": "1042025461"
        },
        {
          "k": "triggering_actor",
          "v": "mag-lange"
        }
      ]
    },
    "inputs": {
      "t": 2
    },
    "job": {
      "t": 2,
      "d": [
        {
          "k": "check_run_id",
          "v": 52550316544.0
        }
      ]
    },
    "matrix": null,
    "needs": {
      "t": 2
    },
    "strategy": {
      "t": 2,
      "d": [
        {
          "k": "fail-fast",
          "v": true
        },
        {
          "k": "job-index",
          "v": 0.0
        },
        {
          "k": "job-total",
          "v": 1.0
        },
        {
          "k": "max-parallel",
          "v": 1.0
        }
      ]
    },
    "vars": {
      "t": 2
    }
  },
  "actionsEnvironment": {
    "name": "dev",
    "url": null
  },
  "billingOwnerId": "O_kgDODhOPbw"
}
[2025-10-12 14:02:20Z INFO JobRunner] Job ID ea14c952-c316-5688-bed7-99c439aa346c
[2025-10-12 14:02:20Z INFO ConfigurationStore] currentAssemblyLocation: C:\Users\magnu\OneDrive - NTNU\NTNU(alive)\5th.semester\DCST3005\DCST3005\actions-runner\bin\Runner.Worker.dll
[2025-10-12 14:02:20Z INFO HostContext] Well known directory 'Bin': 'C:\Users\magnu\OneDrive - NTNU\NTNU(alive)\5th.semester\DCST3005\DCST3005\actions-runner\bin'
[2025-10-12 14:02:20Z INFO ConfigurationStore] binPath: C:\Users\magnu\OneDrive - NTNU\NTNU(alive)\5th.semester\DCST3005\DCST3005\actions-runner\bin
[2025-10-12 14:02:20Z INFO HostContext] Well known directory 'Bin': 'C:\Users\magnu\OneDrive - NTNU\NTNU(alive)\5th.semester\DCST3005\DCST3005\actions-runner\bin'
[2025-10-12 14:02:20Z INFO HostContext] Well known directory 'Root': 'C:\Users\magnu\OneDrive - NTNU\NTNU(alive)\5th.semester\DCST3005\DCST3005\actions-runner'
[2025-10-12 14:02:20Z INFO ConfigurationStore] RootFolder: C:\Users\magnu\OneDrive - NTNU\NTNU(alive)\5th.semester\DCST3005\DCST3005\actions-runner
[2025-10-12 14:02:20Z INFO HostContext] Well known directory 'Bin': 'C:\Users\magnu\OneDrive - NTNU\NTNU(alive)\5th.semester\DCST3005\DCST3005\actions-runner\bin'
[2025-10-12 14:02:20Z INFO HostContext] Well known directory 'Root': 'C:\Users\magnu\OneDrive - NTNU\NTNU(alive)\5th.semester\DCST3005\DCST3005\actions-runner'
[2025-10-12 14:02:20Z INFO HostContext] Well known config file 'Runner': 'C:\Users\magnu\OneDrive - NTNU\NTNU(alive)\5th.semester\DCST3005\DCST3005\actions-runner\.runner'
[2025-10-12 14:02:20Z INFO ConfigurationStore] ConfigFilePath: C:\Users\magnu\OneDrive - NTNU\NTNU(alive)\5th.semester\DCST3005\DCST3005\actions-runner\.runner
[2025-10-12 14:02:20Z INFO HostContext] Well known directory 'Bin': 'C:\Users\magnu\OneDrive - NTNU\NTNU(alive)\5th.semester\DCST3005\DCST3005\actions-runner\bin'
[2025-10-12 14:02:20Z INFO HostContext] Well known directory 'Root': 'C:\Users\magnu\OneDrive - NTNU\NTNU(alive)\5th.semester\DCST3005\DCST3005\actions-runner'
[2025-10-12 14:02:20Z INFO HostContext] Well known config file 'MigratedRunner': 'C:\Users\magnu\OneDrive - NTNU\NTNU(alive)\5th.semester\DCST3005\DCST3005\actions-runner\.runner_migrated'
[2025-10-12 14:02:20Z INFO ConfigurationStore] MigratedConfigFilePath: C:\Users\magnu\OneDrive - NTNU\NTNU(alive)\5th.semester\DCST3005\DCST3005\actions-runner\.runner_migrated
[2025-10-12 14:02:20Z INFO HostContext] Well known directory 'Bin': 'C:\Users\magnu\OneDrive - NTNU\NTNU(alive)\5th.semester\DCST3005\DCST3005\actions-runner\bin'
[2025-10-12 14:02:20Z INFO HostContext] Well known directory 'Root': 'C:\Users\magnu\OneDrive - NTNU\NTNU(alive)\5th.semester\DCST3005\DCST3005\actions-runner'
[2025-10-12 14:02:20Z INFO HostContext] Well known config file 'Credentials': 'C:\Users\magnu\OneDrive - NTNU\NTNU(alive)\5th.semester\DCST3005\DCST3005\actions-runner\.credentials'
[2025-10-12 14:02:20Z INFO ConfigurationStore] CredFilePath: C:\Users\magnu\OneDrive - NTNU\NTNU(alive)\5th.semester\DCST3005\DCST3005\actions-runner\.credentials
[2025-10-12 14:02:20Z INFO HostContext] Well known directory 'Bin': 'C:\Users\magnu\OneDrive - NTNU\NTNU(alive)\5th.semester\DCST3005\DCST3005\actions-runner\bin'
[2025-10-12 14:02:20Z INFO HostContext] Well known directory 'Root': 'C:\Users\magnu\OneDrive - NTNU\NTNU(alive)\5th.semester\DCST3005\DCST3005\actions-runner'
[2025-10-12 14:02:20Z INFO HostContext] Well known config file 'MigratedCredentials': 'C:\Users\magnu\OneDrive - NTNU\NTNU(alive)\5th.semester\DCST3005\DCST3005\actions-runner\.credentials_migrated'
[2025-10-12 14:02:20Z INFO ConfigurationStore] MigratedCredFilePath: C:\Users\magnu\OneDrive - NTNU\NTNU(alive)\5th.semester\DCST3005\DCST3005\actions-runner\.credentials_migrated
[2025-10-12 14:02:20Z INFO HostContext] Well known directory 'Bin': 'C:\Users\magnu\OneDrive - NTNU\NTNU(alive)\5th.semester\DCST3005\DCST3005\actions-runner\bin'
[2025-10-12 14:02:20Z INFO HostContext] Well known directory 'Root': 'C:\Users\magnu\OneDrive - NTNU\NTNU(alive)\5th.semester\DCST3005\DCST3005\actions-runner'
[2025-10-12 14:02:20Z INFO HostContext] Well known config file 'Service': 'C:\Users\magnu\OneDrive - NTNU\NTNU(alive)\5th.semester\DCST3005\DCST3005\actions-runner\.service'
[2025-10-12 14:02:20Z INFO ConfigurationStore] ServiceConfigFilePath: C:\Users\magnu\OneDrive - NTNU\NTNU(alive)\5th.semester\DCST3005\DCST3005\actions-runner\.service
[2025-10-12 14:02:20Z INFO ConfigurationStore] Read setting file: 381 chars
[2025-10-12 14:02:20Z INFO JobRunner] Initializing launch client
[2025-10-12 14:02:20Z INFO JobServerQueue] Initializing results client
[2025-10-12 14:02:20Z INFO ResultServer] Creating websocket client ...wss://results-receiver.actions.githubusercontent.com/_ws/ingest.sock
[2025-10-12 14:02:20Z INFO ResultServer] Attempting to start websocket client with delay 00:00:00.
[2025-10-12 14:02:20Z INFO JobServerQueue] Start process web console line queue.
[2025-10-12 14:02:20Z INFO JobServerQueue] Start process file upload queue.
[2025-10-12 14:02:20Z INFO JobServerQueue] Start results file upload queue.
[2025-10-12 14:02:20Z INFO JobServerQueue] Starting results-based upload queue...
[2025-10-12 14:02:20Z INFO JobServerQueue] Start process timeline update queue.
[2025-10-12 14:02:20Z INFO ExecutionContext] Initializing Job context
[2025-10-12 14:02:20Z INFO ExecutionContext] Initialize GitHub context
[2025-10-12 14:02:20Z INFO ExecutionContext] Initialize Env context
[2025-10-12 14:02:20Z INFO HostContext] Well known directory 'Bin': 'C:\Users\magnu\OneDrive - NTNU\NTNU(alive)\5th.semester\DCST3005\DCST3005\actions-runner\bin'
[2025-10-12 14:02:20Z INFO HostContext] Well known directory 'Root': 'C:\Users\magnu\OneDrive - NTNU\NTNU(alive)\5th.semester\DCST3005\DCST3005\actions-runner'
[2025-10-12 14:02:20Z INFO HostContext] Well known directory 'Diag': 'C:\Users\magnu\OneDrive - NTNU\NTNU(alive)\5th.semester\DCST3005\DCST3005\actions-runner\_diag'
[2025-10-12 14:02:20Z INFO HostContext] Well known directory 'Bin': 'C:\Users\magnu\OneDrive - NTNU\NTNU(alive)\5th.semester\DCST3005\DCST3005\actions-runner\bin'
[2025-10-12 14:02:20Z INFO HostContext] Well known directory 'Root': 'C:\Users\magnu\OneDrive - NTNU\NTNU(alive)\5th.semester\DCST3005\DCST3005\actions-runner'
[2025-10-12 14:02:20Z INFO HostContext] Well known directory 'Diag': 'C:\Users\magnu\OneDrive - NTNU\NTNU(alive)\5th.semester\DCST3005\DCST3005\actions-runner\_diag'
[2025-10-12 14:02:20Z INFO JobRunner] Starting the job execution context.
[2025-10-12 14:02:20Z INFO HostContext] Well known directory 'Bin': 'C:\Users\magnu\OneDrive - NTNU\NTNU(alive)\5th.semester\DCST3005\DCST3005\actions-runner\bin'
[2025-10-12 14:02:20Z INFO HostContext] Well known directory 'Root': 'C:\Users\magnu\OneDrive - NTNU\NTNU(alive)\5th.semester\DCST3005\DCST3005\actions-runner'
[2025-10-12 14:02:20Z INFO HostContext] Well known directory 'Work': 'C:\Users\magnu\OneDrive - NTNU\NTNU(alive)\5th.semester\DCST3005\DCST3005\actions-runner\_work'
[2025-10-12 14:02:20Z INFO JobRunner] Validating directory permissions for: 'C:\Users\magnu\OneDrive - NTNU\NTNU(alive)\5th.semester\DCST3005\DCST3005\actions-runner\_work'
[2025-10-12 14:02:20Z INFO HostContext] Well known directory 'Bin': 'C:\Users\magnu\OneDrive - NTNU\NTNU(alive)\5th.semester\DCST3005\DCST3005\actions-runner\bin'
[2025-10-12 14:02:20Z INFO HostContext] Well known directory 'Root': 'C:\Users\magnu\OneDrive - NTNU\NTNU(alive)\5th.semester\DCST3005\DCST3005\actions-runner'
[2025-10-12 14:02:20Z INFO HostContext] Well known directory 'Work': 'C:\Users\magnu\OneDrive - NTNU\NTNU(alive)\5th.semester\DCST3005\DCST3005\actions-runner\_work'
[2025-10-12 14:02:20Z INFO HostContext] Well known directory 'Tools': 'C:\Users\magnu\OneDrive - NTNU\NTNU(alive)\5th.semester\DCST3005\DCST3005\actions-runner\_work\_tool'
[2025-10-12 14:02:20Z INFO HostContext] Well known directory 'Bin': 'C:\Users\magnu\OneDrive - NTNU\NTNU(alive)\5th.semester\DCST3005\DCST3005\actions-runner\bin'
[2025-10-12 14:02:20Z INFO HostContext] Well known directory 'Root': 'C:\Users\magnu\OneDrive - NTNU\NTNU(alive)\5th.semester\DCST3005\DCST3005\actions-runner'
[2025-10-12 14:02:20Z INFO HostContext] Well known directory 'Work': 'C:\Users\magnu\OneDrive - NTNU\NTNU(alive)\5th.semester\DCST3005\DCST3005\actions-runner\_work'
[2025-10-12 14:02:20Z INFO HostContext] Well known directory 'Temp': 'C:\Users\magnu\OneDrive - NTNU\NTNU(alive)\5th.semester\DCST3005\DCST3005\actions-runner\_work\_temp'
[2025-10-12 14:02:21Z INFO JobRunner] Getting job extension.
[2025-10-12 14:02:21Z INFO JobRunner] Initialize job. Getting all job steps.
[2025-10-12 14:02:21Z INFO HostContext] Well known directory 'Bin': 'C:\Users\magnu\OneDrive - NTNU\NTNU(alive)\5th.semester\DCST3005\DCST3005\actions-runner\bin'
[2025-10-12 14:02:21Z INFO HostContext] Well known directory 'Root': 'C:\Users\magnu\OneDrive - NTNU\NTNU(alive)\5th.semester\DCST3005\DCST3005\actions-runner'
[2025-10-12 14:02:21Z INFO HostContext] Well known directory 'Diag': 'C:\Users\magnu\OneDrive - NTNU\NTNU(alive)\5th.semester\DCST3005\DCST3005\actions-runner\_diag'
[2025-10-12 14:02:21Z INFO HostContext] Well known directory 'Bin': 'C:\Users\magnu\OneDrive - NTNU\NTNU(alive)\5th.semester\DCST3005\DCST3005\actions-runner\bin'
[2025-10-12 14:02:21Z INFO HostContext] Well known directory 'Root': 'C:\Users\magnu\OneDrive - NTNU\NTNU(alive)\5th.semester\DCST3005\DCST3005\actions-runner'
[2025-10-12 14:02:21Z INFO HostContext] Well known directory 'Diag': 'C:\Users\magnu\OneDrive - NTNU\NTNU(alive)\5th.semester\DCST3005\DCST3005\actions-runner\_diag'
[2025-10-12 14:02:21Z INFO HostContext] Well known directory 'Bin': 'C:\Users\magnu\OneDrive - NTNU\NTNU(alive)\5th.semester\DCST3005\DCST3005\actions-runner\bin'
[2025-10-12 14:02:21Z INFO HostContext] Well known directory 'Root': 'C:\Users\magnu\OneDrive - NTNU\NTNU(alive)\5th.semester\DCST3005\DCST3005\actions-runner'
[2025-10-12 14:02:21Z INFO HostContext] Well known config file 'Credentials': 'C:\Users\magnu\OneDrive - NTNU\NTNU(alive)\5th.semester\DCST3005\DCST3005\actions-runner\.credentials'
[2025-10-12 14:02:21Z INFO HostContext] Well known directory 'Bin': 'C:\Users\magnu\OneDrive - NTNU\NTNU(alive)\5th.semester\DCST3005\DCST3005\actions-runner\bin'
[2025-10-12 14:02:21Z INFO HostContext] Well known directory 'Root': 'C:\Users\magnu\OneDrive - NTNU\NTNU(alive)\5th.semester\DCST3005\DCST3005\actions-runner'
[2025-10-12 14:02:21Z INFO HostContext] Well known config file 'SetupInfo': 'C:\Users\magnu\OneDrive - NTNU\NTNU(alive)\5th.semester\DCST3005\DCST3005\actions-runner\.setup_info'
[2025-10-12 14:02:21Z INFO HostContext] Well known directory 'Bin': 'C:\Users\magnu\OneDrive - NTNU\NTNU(alive)\5th.semester\DCST3005\DCST3005\actions-runner\bin'
[2025-10-12 14:02:21Z INFO HostContext] Well known directory 'Root': 'C:\Users\magnu\OneDrive - NTNU\NTNU(alive)\5th.semester\DCST3005\DCST3005\actions-runner'
[2025-10-12 14:02:21Z INFO HostContext] Well known directory 'Work': 'C:\Users\magnu\OneDrive - NTNU\NTNU(alive)\5th.semester\DCST3005\DCST3005\actions-runner\_work'
[2025-10-12 14:02:21Z INFO PipelineDirectoryManager] Loading tracking config if exists: C:\Users\magnu\OneDrive - NTNU\NTNU(alive)\5th.semester\DCST3005\DCST3005\actions-runner\_work\_PipelineMapping\mag-IaC/IaC\PipelineFolder.json
[2025-10-12 14:02:21Z INFO PipelineDirectoryManager] Updating job run properties.
[2025-10-12 14:02:21Z INFO HostContext] Well known directory 'Bin': 'C:\Users\magnu\OneDrive - NTNU\NTNU(alive)\5th.semester\DCST3005\DCST3005\actions-runner\bin'
[2025-10-12 14:02:21Z INFO HostContext] Well known directory 'Root': 'C:\Users\magnu\OneDrive - NTNU\NTNU(alive)\5th.semester\DCST3005\DCST3005\actions-runner'
[2025-10-12 14:02:21Z INFO HostContext] Well known directory 'Work': 'C:\Users\magnu\OneDrive - NTNU\NTNU(alive)\5th.semester\DCST3005\DCST3005\actions-runner\_work'
[2025-10-12 14:02:21Z INFO HostContext] Well known directory 'Bin': 'C:\Users\magnu\OneDrive - NTNU\NTNU(alive)\5th.semester\DCST3005\DCST3005\actions-runner\bin'
[2025-10-12 14:02:21Z INFO HostContext] Well known directory 'Root': 'C:\Users\magnu\OneDrive - NTNU\NTNU(alive)\5th.semester\DCST3005\DCST3005\actions-runner'
[2025-10-12 14:02:21Z INFO HostContext] Well known directory 'Work': 'C:\Users\magnu\OneDrive - NTNU\NTNU(alive)\5th.semester\DCST3005\DCST3005\actions-runner\_work'
[2025-10-12 14:02:21Z INFO HostContext] Well known directory 'Bin': 'C:\Users\magnu\OneDrive - NTNU\NTNU(alive)\5th.semester\DCST3005\DCST3005\actions-runner\bin'
[2025-10-12 14:02:21Z INFO HostContext] Well known directory 'Root': 'C:\Users\magnu\OneDrive - NTNU\NTNU(alive)\5th.semester\DCST3005\DCST3005\actions-runner'
[2025-10-12 14:02:21Z INFO HostContext] Well known directory 'Work': 'C:\Users\magnu\OneDrive - NTNU\NTNU(alive)\5th.semester\DCST3005\DCST3005\actions-runner\_work'
[2025-10-12 14:02:21Z INFO JobExtension] Downloading actions
[2025-10-12 14:02:21Z INFO HostContext] Well known directory 'Bin': 'C:\Users\magnu\OneDrive - NTNU\NTNU(alive)\5th.semester\DCST3005\DCST3005\actions-runner\bin'
[2025-10-12 14:02:21Z INFO HostContext] Well known directory 'Root': 'C:\Users\magnu\OneDrive - NTNU\NTNU(alive)\5th.semester\DCST3005\DCST3005\actions-runner'
[2025-10-12 14:02:21Z INFO HostContext] Well known directory 'Work': 'C:\Users\magnu\OneDrive - NTNU\NTNU(alive)\5th.semester\DCST3005\DCST3005\actions-runner\_work'
[2025-10-12 14:02:21Z INFO HostContext] Well known directory 'Actions': 'C:\Users\magnu\OneDrive - NTNU\NTNU(alive)\5th.semester\DCST3005\DCST3005\actions-runner\_work\_actions'
[2025-10-12 14:02:21Z INFO Worker] Listening for cancel message from the channel.
[2025-10-12 14:02:21Z INFO Worker] Waiting for the job to complete or for a cancel message from the channel.
[2025-10-12 14:02:21Z INFO ResultServer] Successfully started websocket client.
[2025-10-12 14:02:21Z INFO JobServerQueue] Try to append 1 batches web console lines for record '8c57e0bf-4d00-4502-b3a8-9782887a09e7', success rate: 1/1.
[2025-10-12 14:02:21Z INFO ProcessChannel] Receiving message of length 0, with hash 'e3b0c44298fc1c149afbf4c8996fb92427ae41e4649b934ca495991b7852b855'
[2025-10-12 14:02:21Z INFO Worker] Cancellation/Shutdown message received.
[2025-10-12 14:02:21Z WARN GitHubActionsService] POST request to https://launch.actions.githubusercontent.com/actions/build/f5ba7839-92ff-4e63-ab75-13b30bb6f557/jobs/ea14c952-c316-5688-bed7-99c439aa346c/runnerresolve/actions has been cancelled.
[2025-10-12 14:02:21Z ERR  JobExtension] Caught cancellation exception from JobExtension Initialization: System.Threading.Tasks.TaskCanceledException: The operation was canceled.
 ---> System.Threading.Tasks.TaskCanceledException: The operation was canceled.
 ---> System.IO.IOException: Unable to read data from the transport connection: The I/O operation has been aborted because of either a thread exit or an application request..
 ---> System.Net.Sockets.SocketException (995): The I/O operation has been aborted because of either a thread exit or an application request.
   --- End of inner exception stack trace ---
   at System.Net.Sockets.Socket.AwaitableSocketAsyncEventArgs.ThrowException(SocketError error, CancellationToken cancellationToken)
   at System.Net.Sockets.Socket.AwaitableSocketAsyncEventArgs.System.Threading.Tasks.Sources.IValueTaskSource<System.Int32>.GetResult(Int16 token)
   at System.Net.Security.SslStream.EnsureFullTlsFrameAsync[TIOAdapter](CancellationToken cancellationToken, Int32 estimatedSize)
   at System.Runtime.CompilerServices.PoolingAsyncValueTaskMethodBuilder`1.StateMachineBox`1.System.Threading.Tasks.Sources.IValueTaskSource<TResult>.GetResult(Int16 token)
   at System.Net.Security.SslStream.ReadAsyncInternal[TIOAdapter](Memory`1 buffer, CancellationToken cancellationToken)
   at System.Runtime.CompilerServices.PoolingAsyncValueTaskMethodBuilder`1.StateMachineBox`1.System.Threading.Tasks.Sources.IValueTaskSource<TResult>.GetResult(Int16 token)
   at System.Net.Http.HttpConnection.InitialFillAsync(Boolean async)
   at System.Net.Http.HttpConnection.SendAsync(HttpRequestMessage request, Boolean async, CancellationToken cancellationToken)
   --- End of inner exception stack trace ---
   at System.Net.Http.HttpConnection.SendAsync(HttpRequestMessage request, Boolean async, CancellationToken cancellationToken)
   at System.Net.Http.AuthenticationHelper.SendWithNtAuthAsync(HttpRequestMessage request, Uri authUri, Boolean async, ICredentials credentials, Boolean isProxyAuth, HttpConnection connection, HttpConnectionPool connectionPool, CancellationToken cancellationToken)
   at System.Net.Http.HttpConnectionPool.SendWithVersionDetectionAndRetryAsync(HttpRequestMessage request, Boolean async, Boolean doRequestAuth, CancellationToken cancellationToken)
   at System.Net.Http.AuthenticationHelper.SendWithAuthAsync(HttpRequestMessage request, Uri authUri, Boolean async, ICredentials credentials, Boolean preAuthenticate, Boolean isProxyAuth, Boolean doRequestAuth, HttpConnectionPool pool, CancellationToken cancellationToken)
   at System.Net.Http.RedirectHandler.SendAsync(HttpRequestMessage request, Boolean async, CancellationToken cancellationToken)
   at GitHub.Services.Common.RawHttpMessageHandler.SendAsync(HttpRequestMessage request, CancellationToken cancellationToken)
   at GitHub.Services.Common.VssHttpRetryMessageHandler.SendAsync(HttpRequestMessage request, CancellationToken cancellationToken)
   at System.Net.Http.HttpClient.<SendAsync>g__Core|83_0(HttpRequestMessage request, HttpCompletionOption completionOption, CancellationTokenSource cts, Boolean disposeCts, CancellationTokenSource pendingRequestsCts, CancellationToken originalCancellationToken)
   --- End of inner exception stack trace ---
   at System.Net.Http.HttpClient.HandleFailure(Exception e, Boolean telemetryStarted, HttpResponseMessage response, CancellationTokenSource cts, CancellationToken cancellationToken, CancellationTokenSource pendingRequestsCts)
   at System.Net.Http.HttpClient.<SendAsync>g__Core|83_0(HttpRequestMessage request, HttpCompletionOption completionOption, CancellationTokenSource cts, Boolean disposeCts, CancellationTokenSource pendingRequestsCts, CancellationToken originalCancellationToken)
   at Sdk.WebApi.WebApi.RawHttpClientBase.SendAsync(HttpRequestMessage message, HttpCompletionOption completionOption, Object userState, CancellationToken cancellationToken)
   at GitHub.Services.Launch.Client.LaunchHttpClient.GetLaunchSignedURLResponse[R](Uri uri, R request, CancellationToken cancellationToken)
   at GitHub.Services.Launch.Client.LaunchHttpClient.GetResolveActionsDownloadInfoAsyncV2(Guid planId, Guid jobId, ActionReferenceList actionReferenceList, CancellationToken cancellationToken)
   at GitHub.Runner.Worker.ActionManager.GetDownloadInfoAsync(IExecutionContext executionContext, List`1 actions)
   at GitHub.Runner.Worker.ActionManager.PrepareActionsRecursiveAsync(IExecutionContext executionContext, PrepareActionsState state, IEnumerable`1 actions, Int32 depth, Guid parentStepId)
   at GitHub.Runner.Worker.ActionManager.PrepareActionsAsync(IExecutionContext executionContext, IEnumerable`1 steps, Guid rootStepId)
   at GitHub.Runner.Worker.JobExtension.InitializeJob(IExecutionContext jobContext, AgentJobRequestMessage message)
[2025-10-12 14:02:21Z INFO ExecutionContext] Publish step telemetry for current step {
  "action": "setup_job",
  "type": "runner",
  "stage": "Pre",
  "stepId": "8c57e0bf-4d00-4502-b3a8-9782887a09e7",
  "result": "canceled",
  "errorMessages": [
    "The operation was canceled."
  ],
  "executionTimeInSeconds": 1,
  "startTime": "2025-10-12T14:02:21.0173675Z",
  "finishTime": "2025-10-12T14:02:21.6765585Z"
}.
[2025-10-12 14:02:21Z ERR  JobRunner] Job is cancelled during initialize.
[2025-10-12 14:02:21Z ERR  JobRunner] Caught exception: System.Threading.Tasks.TaskCanceledException: The operation was canceled.
 ---> System.Threading.Tasks.TaskCanceledException: The operation was canceled.
 ---> System.IO.IOException: Unable to read data from the transport connection: The I/O operation has been aborted because of either a thread exit or an application request..
 ---> System.Net.Sockets.SocketException (995): The I/O operation has been aborted because of either a thread exit or an application request.
   --- End of inner exception stack trace ---
   at System.Net.Sockets.Socket.AwaitableSocketAsyncEventArgs.ThrowException(SocketError error, CancellationToken cancellationToken)
   at System.Net.Sockets.Socket.AwaitableSocketAsyncEventArgs.System.Threading.Tasks.Sources.IValueTaskSource<System.Int32>.GetResult(Int16 token)
   at System.Net.Security.SslStream.EnsureFullTlsFrameAsync[TIOAdapter](CancellationToken cancellationToken, Int32 estimatedSize)
   at System.Runtime.CompilerServices.PoolingAsyncValueTaskMethodBuilder`1.StateMachineBox`1.System.Threading.Tasks.Sources.IValueTaskSource<TResult>.GetResult(Int16 token)
   at System.Net.Security.SslStream.ReadAsyncInternal[TIOAdapter](Memory`1 buffer, CancellationToken cancellationToken)
   at System.Runtime.CompilerServices.PoolingAsyncValueTaskMethodBuilder`1.StateMachineBox`1.System.Threading.Tasks.Sources.IValueTaskSource<TResult>.GetResult(Int16 token)
   at System.Net.Http.HttpConnection.InitialFillAsync(Boolean async)
   at System.Net.Http.HttpConnection.SendAsync(HttpRequestMessage request, Boolean async, CancellationToken cancellationToken)
   --- End of inner exception stack trace ---
   at System.Net.Http.HttpConnection.SendAsync(HttpRequestMessage request, Boolean async, CancellationToken cancellationToken)
   at System.Net.Http.AuthenticationHelper.SendWithNtAuthAsync(HttpRequestMessage request, Uri authUri, Boolean async, ICredentials credentials, Boolean isProxyAuth, HttpConnection connection, HttpConnectionPool connectionPool, CancellationToken cancellationToken)
   at System.Net.Http.HttpConnectionPool.SendWithVersionDetectionAndRetryAsync(HttpRequestMessage request, Boolean async, Boolean doRequestAuth, CancellationToken cancellationToken)
   at System.Net.Http.AuthenticationHelper.SendWithAuthAsync(HttpRequestMessage request, Uri authUri, Boolean async, ICredentials credentials, Boolean preAuthenticate, Boolean isProxyAuth, Boolean doRequestAuth, HttpConnectionPool pool, CancellationToken cancellationToken)
   at System.Net.Http.RedirectHandler.SendAsync(HttpRequestMessage request, Boolean async, CancellationToken cancellationToken)
   at GitHub.Services.Common.RawHttpMessageHandler.SendAsync(HttpRequestMessage request, CancellationToken cancellationToken)
   at GitHub.Services.Common.VssHttpRetryMessageHandler.SendAsync(HttpRequestMessage request, CancellationToken cancellationToken)
   at System.Net.Http.HttpClient.<SendAsync>g__Core|83_0(HttpRequestMessage request, HttpCompletionOption completionOption, CancellationTokenSource cts, Boolean disposeCts, CancellationTokenSource pendingRequestsCts, CancellationToken originalCancellationToken)
   --- End of inner exception stack trace ---
   at System.Net.Http.HttpClient.HandleFailure(Exception e, Boolean telemetryStarted, HttpResponseMessage response, CancellationTokenSource cts, CancellationToken cancellationToken, CancellationTokenSource pendingRequestsCts)
   at System.Net.Http.HttpClient.<SendAsync>g__Core|83_0(HttpRequestMessage request, HttpCompletionOption completionOption, CancellationTokenSource cts, Boolean disposeCts, CancellationTokenSource pendingRequestsCts, CancellationToken originalCancellationToken)
   at Sdk.WebApi.WebApi.RawHttpClientBase.SendAsync(HttpRequestMessage message, HttpCompletionOption completionOption, Object userState, CancellationToken cancellationToken)
   at GitHub.Services.Launch.Client.LaunchHttpClient.GetLaunchSignedURLResponse[R](Uri uri, R request, CancellationToken cancellationToken)
   at GitHub.Services.Launch.Client.LaunchHttpClient.GetResolveActionsDownloadInfoAsyncV2(Guid planId, Guid jobId, ActionReferenceList actionReferenceList, CancellationToken cancellationToken)
   at GitHub.Runner.Worker.ActionManager.GetDownloadInfoAsync(IExecutionContext executionContext, List`1 actions)
   at GitHub.Runner.Worker.ActionManager.PrepareActionsRecursiveAsync(IExecutionContext executionContext, PrepareActionsState state, IEnumerable`1 actions, Int32 depth, Guid parentStepId)
   at GitHub.Runner.Worker.ActionManager.PrepareActionsAsync(IExecutionContext executionContext, IEnumerable`1 steps, Guid rootStepId)
   at GitHub.Runner.Worker.JobExtension.InitializeJob(IExecutionContext jobContext, AgentJobRequestMessage message)
   at GitHub.Runner.Worker.JobRunner.RunAsync(AgentJobRequestMessage message, CancellationToken jobRequestCancellationToken)
[2025-10-12 14:02:21Z INFO JobRunner] Shutting down the job server queue.
[2025-10-12 14:02:21Z INFO JobServerQueue] Fire signal to shutdown all queues.
[2025-10-12 14:02:21Z INFO JobServerQueue] Job timeline record has been updated for the first time.
[2025-10-12 14:02:22Z INFO JobServerQueue] All queue process task stopped.
[2025-10-12 14:02:22Z INFO JobServerQueue] Try to append 1 batches web console lines for record '8c57e0bf-4d00-4502-b3a8-9782887a09e7', success rate: 1/1.
[2025-10-12 14:02:22Z INFO JobServerQueue] Web console line queue drained.
[2025-10-12 14:02:22Z INFO JobServerQueue] Uploading 2 files in one shot.
[2025-10-12 14:02:22Z INFO JobServerQueue] Try to upload 2 log files or attachments, success rate: 2/2.
[2025-10-12 14:02:22Z INFO JobServerQueue] File upload queue drained.
[2025-10-12 14:02:22Z INFO JobServerQueue] Starting results-based upload queue...
[2025-10-12 14:02:22Z INFO JobServerQueue] Uploading 2 file(s) in one shot through results service.
[2025-10-12 14:02:22Z INFO JobServerQueue] Got a step log file to send to results service.
[2025-10-12 14:02:22Z INFO JobServerQueue] Starting upload of step log file to results service ResultsLog, C:\Users\magnu\OneDrive - NTNU\NTNU(alive)\5th.semester\DCST3005\DCST3005\actions-runner\_diag\blocks\f5ba7839-92ff-4e63-ab75-13b30bb6f557_8c57e0bf-4d00-4502-b3a8-9782887a09e7.1
[2025-10-12 14:02:23Z INFO JobServerQueue] Got a job log file to send to results service.
[2025-10-12 14:02:23Z INFO JobServerQueue] Starting upload of job log file to results service ResultsLog, C:\Users\magnu\OneDrive - NTNU\NTNU(alive)\5th.semester\DCST3005\DCST3005\actions-runner\_diag\blocks\f5ba7839-92ff-4e63-ab75-13b30bb6f557_ea14c952-c316-5688-bed7-99c439aa346c.1
[2025-10-12 14:02:23Z INFO JobServerQueue] Tried to upload 2 file(s) to results, success rate: 2/2.
[2025-10-12 14:02:23Z INFO JobServerQueue] Results upload queue drained.
[2025-10-12 14:02:23Z INFO JobServerQueue] Timeline update queue drained.
[2025-10-12 14:02:23Z INFO JobServerQueue] Disposing job server ...
[2025-10-12 14:02:23Z INFO JobServerQueue] Disposing results server ...
[2025-10-12 14:02:23Z INFO JobServerQueue] All queue process tasks have been stopped, and all queues are drained.
[2025-10-12 14:02:23Z INFO TempDirectoryManager] Cleaning runner temp folder: C:\Users\magnu\OneDrive - NTNU\NTNU(alive)\5th.semester\DCST3005\DCST3005\actions-runner\_work\_temp
[2025-10-12 14:02:23Z INFO HostContext] Well known directory 'Bin': 'C:\Users\magnu\OneDrive - NTNU\NTNU(alive)\5th.semester\DCST3005\DCST3005\actions-runner\bin'
[2025-10-12 14:02:23Z INFO HostContext] Well known directory 'Root': 'C:\Users\magnu\OneDrive - NTNU\NTNU(alive)\5th.semester\DCST3005\DCST3005\actions-runner'
[2025-10-12 14:02:23Z INFO HostContext] Well known directory 'Diag': 'C:\Users\magnu\OneDrive - NTNU\NTNU(alive)\5th.semester\DCST3005\DCST3005\actions-runner\_diag'
[2025-10-12 14:02:23Z INFO HostContext] Well known config file 'Telemetry': 'C:\Users\magnu\OneDrive - NTNU\NTNU(alive)\5th.semester\DCST3005\DCST3005\actions-runner\_diag\.telemetry'
[2025-10-12 14:02:23Z INFO JobRunner] Raising job completed against run service
